===========================
Time:2013-05-08 15:13:50 +0800       request_method: GET
query_string:out_trade_no=tzb_preview_1367997144_1149&request_token=requestToken&result=success&trade_no=2013050833992540&sign=e3836e9577eeb5d1c7d00574e913f2de&sign_type=MD5
verify_result: success
payment(1149) and mn_account137 completed their operation!
===========================
============ start ===============
Time:2013-05-10 15:33:53 +0800       request_method: GET
query_string:out_trade_no=tzb_preview_1368171144_1159&request_token=requestToken&result=success&trade_no=2013051039031940&sign=057582f61e9db2a5189fc0c03b5f3e6b&sign_type=MD5
verify_result: success
payment(1159) and mn_account(2462) completed their operation!
============= end ==============
============ start ===============
Time:2013-05-13 10:26:49 +0800       request_method: GET
query_string:out_trade_no=tzb_preview_1368411471_1171&amp;request_token=requestToken&amp;result=success&amp;trade_no=2013051342936453&amp;sign=5aea2ba1a5fbc11bc9f53489ae8ab97b&amp;sign_type=MD5
============ start ===============
Time:2013-05-13 10:29:59 +0800       request_method: GET
query_string:out_trade_no=tzb_preview_1368411471_1171&amp;request_token=requestToken&amp;result=success&amp;trade_no=2013051342936453&amp;sign=5aea2ba1a5fbc11bc9f53489ae8ab97b&amp;sign_type=MD5
============ start ===============
Time:2013-05-13 10:33:04 +0800       request_method: GET
query_string:out_trade_no=tzb_preview_1368411471_1171&amp;request_token=requestToken&amp;result=success&amp;trade_no=2013051342936453&amp;sign=5aea2ba1a5fbc11bc9f53489ae8ab97b&amp;sign_type=MD5
============ start ===============
Time:2013-05-13 10:39:09 +0800       request_method: GET
query_string:out_trade_no=tzb_preview_1368411471_1171&amp;request_token=requestToken&amp;result=success&amp;trade_no=2013051342936453&amp;sign=5aea2ba1a5fbc11bc9f53489ae8ab97b&amp;sign_type=MD5
============ start ===============
Time:2013-05-13 10:40:36 +0800       request_method: GET
query_string:out_trade_no=tzb_preview_1368411471_1171&amp;request_token=requestToken&amp;result=success&amp;trade_no=2013051342936453&amp;sign=5aea2ba1a5fbc11bc9f53489ae8ab97b&amp;sign_type=MD5
============ start ===============
Time:2013-05-13 10:46:07 +0800       request_method: GET
query_string:out_trade_no=tzb_preview_1368411471_1171&amp;request_token=requestToken&amp;result=success&amp;trade_no=2013051342936453&amp;sign=5aea2ba1a5fbc11bc9f53489ae8ab97b&amp;sign_type=MD5
verify_result: false
============= end ==============
============ start ===============
Time:2013-05-13 10:47:23 +0800       request_method: GET
query_string:out_trade_no=tzb_preview_1368411471_1171&amp;request_token=requestToken&amp;result=success&amp;trade_no=2013051342936453&amp;sign=5aea2ba1a5fbc11bc9f53489ae8ab97b&amp;sign_type=MD5
verify_result: success
payment(1171) and mn_account(2462) completed their operation!
============= end ==============
============ start ===============
Time:2013-05-13 10:54:24 +0800       request_method: GET
query_string:out_trade_no=tzb_preview_1368413604_1178&request_token=requestToken&result=success&trade_no=2013051345616240&sign=55e523ec431ce2ebe4987b3e065f0d1e&sign_type=MD5
verify_result: success
payment(1178) and mn_account(2462) completed their operation!
============= end ==============
============ start ===============
Time:2013-05-13 11:04:14 +0800       request_method: GET
query_string:out_trade_no=tzb_preview_1368414210_1180&request_token=requestToken&result=success&trade_no=2013051345643540&sign=1e289cb1a0af080efc5d51ca7ff4fc63&sign_type=MD5
verify_result: success
payment(1180) and mn_account(2462) completed their operation!
============= end ==============
start article_id:757635
end article_id:757635
-==-=-=-==-=-
start article_id:757644
end article_id:757644
-==-=-=-==-=-
start article_id:757679
end article_id:757679
-==-=-=-==-=-
start article_id:757751
end article_id:757751
-==-=-=-==-=-
start article_id:757752
end article_id:757752
-==-=-=-==-=-
start article_id:756568
end article_id:756568
-==-=-=-==-=-
start article_id:756569
end article_id:756569
-==-=-=-==-=-
start article_id:756570
end article_id:756570
-==-=-=-==-=-
start article_id:756571
end article_id:756571
-==-=-=-==-=-
start article_id:756572
end article_id:756572
-==-=-=-==-=-
start article_id:756573
end article_id:756573
-==-=-=-==-=-
start article_id:756574
end article_id:756574
-==-=-=-==-=-
start article_id:756575
end article_id:756575
-==-=-=-==-=-
start article_id:756576
end article_id:756576
-==-=-=-==-=-
start article_id:756577
end article_id:756577
-==-=-=-==-=-
start article_id:756578
end article_id:756578
-==-=-=-==-=-
start article_id:756579
end article_id:756579
-==-=-=-==-=-
start article_id:756580
end article_id:756580
-==-=-=-==-=-
start article_id:756581
end article_id:756581
-==-=-=-==-=-
start article_id:756582
end article_id:756582
-==-=-=-==-=-
start article_id:756583
end article_id:756583
-==-=-=-==-=-
start article_id:756584
end article_id:756584
-==-=-=-==-=-
start article_id:756585
end article_id:756585
-==-=-=-==-=-
start article_id:756586
end article_id:756586
-==-=-=-==-=-
start article_id:756587
end article_id:756587
-==-=-=-==-=-
start article_id:756588
end article_id:756588
-==-=-=-==-=-
start article_id:756589
end article_id:756589
-==-=-=-==-=-
start article_id:756590
end article_id:756590
-==-=-=-==-=-
start article_id:756591
end article_id:756591
-==-=-=-==-=-
start article_id:756592
end article_id:756592
-==-=-=-==-=-
start article_id:756593
end article_id:756593
-==-=-=-==-=-
start article_id:756594
end article_id:756594
-==-=-=-==-=-
start article_id:756595
end article_id:756595
-==-=-=-==-=-
start article_id:756596
end article_id:756596
-==-=-=-==-=-
start article_id:756597
end article_id:756597
-==-=-=-==-=-
start article_id:756598
end article_id:756598
-==-=-=-==-=-
start article_id:756599
end article_id:756599
-==-=-=-==-=-
start article_id:756600
end article_id:756600
-==-=-=-==-=-
start article_id:756601
end article_id:756601
-==-=-=-==-=-
start article_id:756602
end article_id:756602
-==-=-=-==-=-
start article_id:756603
end article_id:756603
-==-=-=-==-=-
start article_id:756604
end article_id:756604
-==-=-=-==-=-
start article_id:756605
end article_id:756605
-==-=-=-==-=-
start article_id:756606
end article_id:756606
-==-=-=-==-=-
start article_id:756607
end article_id:756607
-==-=-=-==-=-
start article_id:756608
end article_id:756608
-==-=-=-==-=-
start article_id:756609
end article_id:756609
-==-=-=-==-=-
start article_id:756610
end article_id:756610
-==-=-=-==-=-
start article_id:756611
end article_id:756611
-==-=-=-==-=-
start article_id:756612
end article_id:756612
-==-=-=-==-=-
start article_id:756613
end article_id:756613
-==-=-=-==-=-
start article_id:756614
end article_id:756614
-==-=-=-==-=-
start article_id:756615
end article_id:756615
-==-=-=-==-=-
start article_id:756616
end article_id:756616
-==-=-=-==-=-
start article_id:756617
end article_id:756617
-==-=-=-==-=-
start article_id:756618
end article_id:756618
-==-=-=-==-=-
start article_id:756619
end article_id:756619
-==-=-=-==-=-
start article_id:756620
end article_id:756620
-==-=-=-==-=-
start article_id:756621
end article_id:756621
-==-=-=-==-=-
start article_id:756622
end article_id:756622
-==-=-=-==-=-
start article_id:756623
end article_id:756623
-==-=-=-==-=-
start article_id:756624
end article_id:756624
-==-=-=-==-=-
start article_id:756627
end article_id:756627
-==-=-=-==-=-
start article_id:756628
end article_id:756628
-==-=-=-==-=-
start article_id:756629
end article_id:756629
-==-=-=-==-=-
start article_id:756630
end article_id:756630
-==-=-=-==-=-
start article_id:756631
end article_id:756631
-==-=-=-==-=-
start article_id:756632
end article_id:756632
-==-=-=-==-=-
start article_id:756633
end article_id:756633
-==-=-=-==-=-
start article_id:756634
end article_id:756634
-==-=-=-==-=-
start article_id:756635
end article_id:756635
-==-=-=-==-=-
start article_id:756636
end article_id:756636
-==-=-=-==-=-
start article_id:756637
end article_id:756637
-==-=-=-==-=-
start article_id:756638
end article_id:756638
-==-=-=-==-=-
start article_id:756639
end article_id:756639
-==-=-=-==-=-
start article_id:756640
end article_id:756640
-==-=-=-==-=-
start article_id:756641
end article_id:756641
-==-=-=-==-=-
start article_id:756642
end article_id:756642
-==-=-=-==-=-
start article_id:756643
end article_id:756643
-==-=-=-==-=-
start article_id:756644
end article_id:756644
-==-=-=-==-=-
start article_id:756645
end article_id:756645
-==-=-=-==-=-
start article_id:756646
end article_id:756646
-==-=-=-==-=-
start article_id:756647
end article_id:756647
-==-=-=-==-=-
start article_id:756648
end article_id:756648
-==-=-=-==-=-
start article_id:756649
end article_id:756649
-==-=-=-==-=-
start article_id:756650
end article_id:756650
-==-=-=-==-=-
start article_id:756651
end article_id:756651
-==-=-=-==-=-
start article_id:756652
end article_id:756652
-==-=-=-==-=-
start article_id:756653
end article_id:756653
-==-=-=-==-=-
start article_id:756654
end article_id:756654
-==-=-=-==-=-
start article_id:756655
end article_id:756655
-==-=-=-==-=-
start article_id:756656
end article_id:756656
-==-=-=-==-=-
start article_id:756657
end article_id:756657
-==-=-=-==-=-
start article_id:756658
end article_id:756658
-==-=-=-==-=-
start article_id:756659
end article_id:756659
-==-=-=-==-=-
start article_id:756660
end article_id:756660
-==-=-=-==-=-
start article_id:756661
end article_id:756661
-==-=-=-==-=-
start article_id:756662
end article_id:756662
-==-=-=-==-=-
start article_id:756663
end article_id:756663
-==-=-=-==-=-
start article_id:756664
end article_id:756664
-==-=-=-==-=-
start article_id:756665
end article_id:756665
-==-=-=-==-=-
start article_id:756666
end article_id:756666
-==-=-=-==-=-
start article_id:756667
end article_id:756667
-==-=-=-==-=-
start article_id:756668
end article_id:756668
-==-=-=-==-=-
start article_id:756669
end article_id:756669
-==-=-=-==-=-
start article_id:756670
end article_id:756670
-==-=-=-==-=-
start article_id:756671
end article_id:756671
-==-=-=-==-=-
start article_id:756672
end article_id:756672
-==-=-=-==-=-
start article_id:756673
end article_id:756673
-==-=-=-==-=-
start article_id:756674
end article_id:756674
-==-=-=-==-=-
start article_id:756675
end article_id:756675
-==-=-=-==-=-
start article_id:756676
end article_id:756676
-==-=-=-==-=-
start article_id:756677
end article_id:756677
-==-=-=-==-=-
start article_id:756678
end article_id:756678
-==-=-=-==-=-
start article_id:756679
end article_id:756679
-==-=-=-==-=-
start article_id:756680
end article_id:756680
-==-=-=-==-=-
start article_id:756681
end article_id:756681
-==-=-=-==-=-
start article_id:756682
end article_id:756682
-==-=-=-==-=-
start article_id:756683
end article_id:756683
-==-=-=-==-=-
start article_id:756684
end article_id:756684
-==-=-=-==-=-
start article_id:756685
end article_id:756685
-==-=-=-==-=-
start article_id:756686
end article_id:756686
-==-=-=-==-=-
start article_id:756687
end article_id:756687
-==-=-=-==-=-
start article_id:756688
end article_id:756688
-==-=-=-==-=-
start article_id:756689
end article_id:756689
-==-=-=-==-=-
start article_id:756690
end article_id:756690
-==-=-=-==-=-
start article_id:756691
end article_id:756691
-==-=-=-==-=-
start article_id:756692
end article_id:756692
-==-=-=-==-=-
start article_id:756693
end article_id:756693
-==-=-=-==-=-
start article_id:756694
end article_id:756694
-==-=-=-==-=-
start article_id:756695
end article_id:756695
-==-=-=-==-=-
start article_id:756696
end article_id:756696
-==-=-=-==-=-
start article_id:756698
end article_id:756698
-==-=-=-==-=-
start article_id:756699
end article_id:756699
-==-=-=-==-=-
start article_id:756700
end article_id:756700
-==-=-=-==-=-
start article_id:756701
end article_id:756701
-==-=-=-==-=-
start article_id:756702
end article_id:756702
-==-=-=-==-=-
start article_id:756703
end article_id:756703
-==-=-=-==-=-
start article_id:756704
end article_id:756704
-==-=-=-==-=-
start article_id:756705
end article_id:756705
-==-=-=-==-=-
start article_id:756706
end article_id:756706
-==-=-=-==-=-
start article_id:756707
end article_id:756707
-==-=-=-==-=-
start article_id:756708
end article_id:756708
-==-=-=-==-=-
start article_id:756709
end article_id:756709
-==-=-=-==-=-
start article_id:756710
end article_id:756710
-==-=-=-==-=-
start article_id:756711
end article_id:756711
-==-=-=-==-=-
start article_id:756712
end article_id:756712
-==-=-=-==-=-
start article_id:756713
end article_id:756713
-==-=-=-==-=-
start article_id:756714
end article_id:756714
-==-=-=-==-=-
start article_id:756715
end article_id:756715
-==-=-=-==-=-
start article_id:756716
end article_id:756716
-==-=-=-==-=-
start article_id:756717
end article_id:756717
-==-=-=-==-=-
start article_id:756718
end article_id:756718
-==-=-=-==-=-
start article_id:756719
end article_id:756719
-==-=-=-==-=-
start article_id:756720
end article_id:756720
-==-=-=-==-=-
start article_id:756721
end article_id:756721
-==-=-=-==-=-
start article_id:756722
end article_id:756722
-==-=-=-==-=-
start article_id:756723
end article_id:756723
-==-=-=-==-=-
start article_id:756724
end article_id:756724
-==-=-=-==-=-
start article_id:756725
end article_id:756725
-==-=-=-==-=-
start article_id:756726
end article_id:756726
-==-=-=-==-=-
start article_id:756727
end article_id:756727
-==-=-=-==-=-
start article_id:756728
end article_id:756728
-==-=-=-==-=-
start article_id:756729
end article_id:756729
-==-=-=-==-=-
start article_id:756730
end article_id:756730
-==-=-=-==-=-
start article_id:756731
end article_id:756731
-==-=-=-==-=-
start article_id:756732
end article_id:756732
-==-=-=-==-=-
start article_id:756733
end article_id:756733
-==-=-=-==-=-
start article_id:756734
end article_id:756734
-==-=-=-==-=-
start article_id:756735
end article_id:756735
-==-=-=-==-=-
start article_id:756736
end article_id:756736
-==-=-=-==-=-
start article_id:756737
end article_id:756737
-==-=-=-==-=-
start article_id:756738
end article_id:756738
-==-=-=-==-=-
start article_id:756739
end article_id:756739
-==-=-=-==-=-
start article_id:756740
end article_id:756740
-==-=-=-==-=-
start article_id:756741
end article_id:756741
-==-=-=-==-=-
start article_id:756742
end article_id:756742
-==-=-=-==-=-
start article_id:756743
end article_id:756743
-==-=-=-==-=-
start article_id:756744
end article_id:756744
-==-=-=-==-=-
start article_id:756745
end article_id:756745
-==-=-=-==-=-
start article_id:756746
end article_id:756746
-==-=-=-==-=-
start article_id:756747
end article_id:756747
-==-=-=-==-=-
start article_id:756748
end article_id:756748
-==-=-=-==-=-
start article_id:756749
end article_id:756749
-==-=-=-==-=-
start article_id:756750
end article_id:756750
-==-=-=-==-=-
start article_id:756751
end article_id:756751
-==-=-=-==-=-
start article_id:756752
end article_id:756752
-==-=-=-==-=-
start article_id:756753
end article_id:756753
-==-=-=-==-=-
start article_id:756754
end article_id:756754
-==-=-=-==-=-
start article_id:756755
end article_id:756755
-==-=-=-==-=-
start article_id:756756
end article_id:756756
-==-=-=-==-=-
start article_id:756757
end article_id:756757
-==-=-=-==-=-
start article_id:756758
end article_id:756758
-==-=-=-==-=-
start article_id:756759
end article_id:756759
-==-=-=-==-=-
start article_id:756760
end article_id:756760
-==-=-=-==-=-
start article_id:756761
end article_id:756761
-==-=-=-==-=-
start article_id:756763
end article_id:756763
-==-=-=-==-=-
start article_id:756764
end article_id:756764
-==-=-=-==-=-
start article_id:756765
end article_id:756765
-==-=-=-==-=-
start article_id:756766
end article_id:756766
-==-=-=-==-=-
start article_id:756767
end article_id:756767
-==-=-=-==-=-
start article_id:756768
end article_id:756768
-==-=-=-==-=-
start article_id:756769
end article_id:756769
-==-=-=-==-=-
start article_id:756770
end article_id:756770
-==-=-=-==-=-
start article_id:756771
end article_id:756771
-==-=-=-==-=-
start article_id:756772
end article_id:756772
-==-=-=-==-=-
start article_id:756773
end article_id:756773
-==-=-=-==-=-
start article_id:756774
end article_id:756774
-==-=-=-==-=-
start article_id:756775
end article_id:756775
-==-=-=-==-=-
start article_id:756776
end article_id:756776
-==-=-=-==-=-
start article_id:756777
end article_id:756777
-==-=-=-==-=-
start article_id:756778
end article_id:756778
-==-=-=-==-=-
start article_id:756779
end article_id:756779
-==-=-=-==-=-
start article_id:756780
end article_id:756780
-==-=-=-==-=-
start article_id:756781
end article_id:756781
-==-=-=-==-=-
start article_id:756782
end article_id:756782
-==-=-=-==-=-
start article_id:756783
end article_id:756783
-==-=-=-==-=-
start article_id:756784
end article_id:756784
-==-=-=-==-=-
start article_id:756785
end article_id:756785
-==-=-=-==-=-
start article_id:756786
end article_id:756786
-==-=-=-==-=-
start article_id:756787
end article_id:756787
-==-=-=-==-=-
start article_id:756788
end article_id:756788
-==-=-=-==-=-
start article_id:756789
end article_id:756789
-==-=-=-==-=-
start article_id:756790
end article_id:756790
-==-=-=-==-=-
start article_id:756791
end article_id:756791
-==-=-=-==-=-
start article_id:756792
end article_id:756792
-==-=-=-==-=-
start article_id:756793
end article_id:756793
-==-=-=-==-=-
start article_id:756794
end article_id:756794
-==-=-=-==-=-
start article_id:756795
end article_id:756795
-==-=-=-==-=-
start article_id:756796
end article_id:756796
-==-=-=-==-=-
start article_id:756798
end article_id:756798
-==-=-=-==-=-
start article_id:756799
end article_id:756799
-==-=-=-==-=-
start article_id:756800
end article_id:756800
-==-=-=-==-=-
start article_id:756801
end article_id:756801
-==-=-=-==-=-
start article_id:756802
end article_id:756802
-==-=-=-==-=-
start article_id:756803
end article_id:756803
-==-=-=-==-=-
start article_id:756804
end article_id:756804
-==-=-=-==-=-
start article_id:756805
end article_id:756805
-==-=-=-==-=-
start article_id:756806
end article_id:756806
-==-=-=-==-=-
start article_id:756807
end article_id:756807
-==-=-=-==-=-
start article_id:756808
end article_id:756808
-==-=-=-==-=-
start article_id:756809
end article_id:756809
-==-=-=-==-=-
start article_id:756810
end article_id:756810
-==-=-=-==-=-
start article_id:756811
end article_id:756811
-==-=-=-==-=-
start article_id:756812
end article_id:756812
-==-=-=-==-=-
start article_id:756813
end article_id:756813
-==-=-=-==-=-
start article_id:756814
end article_id:756814
-==-=-=-==-=-
start article_id:756815
end article_id:756815
-==-=-=-==-=-
start article_id:756816
end article_id:756816
-==-=-=-==-=-
start article_id:756817
end article_id:756817
-==-=-=-==-=-
start article_id:756818
end article_id:756818
-==-=-=-==-=-
start article_id:756819
end article_id:756819
-==-=-=-==-=-
start article_id:756820
end article_id:756820
-==-=-=-==-=-
start article_id:756821
end article_id:756821
-==-=-=-==-=-
start article_id:756822
end article_id:756822
-==-=-=-==-=-
start article_id:756823
end article_id:756823
-==-=-=-==-=-
start article_id:756824
end article_id:756824
-==-=-=-==-=-
start article_id:756825
end article_id:756825
-==-=-=-==-=-
start article_id:756826
end article_id:756826
-==-=-=-==-=-
start article_id:756827
end article_id:756827
-==-=-=-==-=-
start article_id:756828
end article_id:756828
-==-=-=-==-=-
start article_id:756829
end article_id:756829
-==-=-=-==-=-
start article_id:756830
end article_id:756830
-==-=-=-==-=-
start article_id:756831
end article_id:756831
-==-=-=-==-=-
start article_id:756832
end article_id:756832
-==-=-=-==-=-
start article_id:756833
end article_id:756833
-==-=-=-==-=-
start article_id:756834
end article_id:756834
-==-=-=-==-=-
start article_id:756835
end article_id:756835
-==-=-=-==-=-
start article_id:756836
end article_id:756836
-==-=-=-==-=-
start article_id:756837
end article_id:756837
-==-=-=-==-=-
start article_id:756838
end article_id:756838
-==-=-=-==-=-
start article_id:756839
end article_id:756839
-==-=-=-==-=-
start article_id:756840
end article_id:756840
-==-=-=-==-=-
start article_id:756841
end article_id:756841
-==-=-=-==-=-
start article_id:756842
end article_id:756842
-==-=-=-==-=-
start article_id:756843
end article_id:756843
-==-=-=-==-=-
start article_id:756844
end article_id:756844
-==-=-=-==-=-
start article_id:756845
end article_id:756845
-==-=-=-==-=-
start article_id:756846
end article_id:756846
-==-=-=-==-=-
start article_id:756847
end article_id:756847
-==-=-=-==-=-
start article_id:756848
end article_id:756848
-==-=-=-==-=-
start article_id:756849
end article_id:756849
-==-=-=-==-=-
start article_id:756850
end article_id:756850
-==-=-=-==-=-
start article_id:756851
end article_id:756851
-==-=-=-==-=-
start article_id:756852
end article_id:756852
-==-=-=-==-=-
start article_id:756853
end article_id:756853
-==-=-=-==-=-
start article_id:756854
end article_id:756854
-==-=-=-==-=-
start article_id:756855
end article_id:756855
-==-=-=-==-=-
start article_id:756856
end article_id:756856
-==-=-=-==-=-
start article_id:756857
end article_id:756857
-==-=-=-==-=-
start article_id:756858
end article_id:756858
-==-=-=-==-=-
start article_id:756859
end article_id:756859
-==-=-=-==-=-
start article_id:756860
end article_id:756860
-==-=-=-==-=-
start article_id:756861
end article_id:756861
-==-=-=-==-=-
start article_id:756862
end article_id:756862
-==-=-=-==-=-
start article_id:756863
end article_id:756863
-==-=-=-==-=-
start article_id:756864
end article_id:756864
-==-=-=-==-=-
start article_id:756865
end article_id:756865
-==-=-=-==-=-
start article_id:756866
end article_id:756866
-==-=-=-==-=-
start article_id:756867
end article_id:756867
-==-=-=-==-=-
start article_id:756868
end article_id:756868
-==-=-=-==-=-
start article_id:756869
end article_id:756869
-==-=-=-==-=-
start article_id:756870
end article_id:756870
-==-=-=-==-=-
start article_id:756871
end article_id:756871
-==-=-=-==-=-
start article_id:756872
end article_id:756872
-==-=-=-==-=-
start article_id:756873
end article_id:756873
-==-=-=-==-=-
start article_id:756874
end article_id:756874
-==-=-=-==-=-
start article_id:756875
end article_id:756875
-==-=-=-==-=-
start article_id:756876
end article_id:756876
-==-=-=-==-=-
start article_id:756877
end article_id:756877
-==-=-=-==-=-
start article_id:756878
end article_id:756878
-==-=-=-==-=-
start article_id:756879
end article_id:756879
-==-=-=-==-=-
start article_id:756880
end article_id:756880
-==-=-=-==-=-
start article_id:756881
end article_id:756881
-==-=-=-==-=-
start article_id:756882
end article_id:756882
-==-=-=-==-=-
start article_id:756883
end article_id:756883
-==-=-=-==-=-
start article_id:756884
end article_id:756884
-==-=-=-==-=-
start article_id:756885
end article_id:756885
-==-=-=-==-=-
start article_id:756886
end article_id:756886
-==-=-=-==-=-
start article_id:756887
end article_id:756887
-==-=-=-==-=-
start article_id:756888
end article_id:756888
-==-=-=-==-=-
start article_id:756889
end article_id:756889
-==-=-=-==-=-
start article_id:756890
end article_id:756890
-==-=-=-==-=-
start article_id:756891
end article_id:756891
-==-=-=-==-=-
start article_id:756892
end article_id:756892
-==-=-=-==-=-
start article_id:756893
end article_id:756893
-==-=-=-==-=-
start article_id:756894
end article_id:756894
-==-=-=-==-=-
start article_id:756895
end article_id:756895
-==-=-=-==-=-
start article_id:756896
end article_id:756896
-==-=-=-==-=-
start article_id:756897
end article_id:756897
-==-=-=-==-=-
start article_id:756898
end article_id:756898
-==-=-=-==-=-
start article_id:756899
end article_id:756899
-==-=-=-==-=-
start article_id:756900
end article_id:756900
-==-=-=-==-=-
start article_id:756901
end article_id:756901
-==-=-=-==-=-
start article_id:756902
end article_id:756902
-==-=-=-==-=-
start article_id:756903
end article_id:756903
-==-=-=-==-=-
start article_id:756904
end article_id:756904
-==-=-=-==-=-
start article_id:756905
end article_id:756905
-==-=-=-==-=-
start article_id:756906
end article_id:756906
-==-=-=-==-=-
start article_id:756907
end article_id:756907
-==-=-=-==-=-
start article_id:756908
end article_id:756908
-==-=-=-==-=-
start article_id:756909
end article_id:756909
-==-=-=-==-=-
start article_id:756910
end article_id:756910
-==-=-=-==-=-
start article_id:756911
end article_id:756911
-==-=-=-==-=-
start article_id:756912
end article_id:756912
-==-=-=-==-=-
start article_id:756913
end article_id:756913
-==-=-=-==-=-
start article_id:756914
end article_id:756914
-==-=-=-==-=-
start article_id:756915
end article_id:756915
-==-=-=-==-=-
start article_id:756916
end article_id:756916
-==-=-=-==-=-
start article_id:756917
end article_id:756917
-==-=-=-==-=-
start article_id:756918
end article_id:756918
-==-=-=-==-=-
start article_id:756919
end article_id:756919
-==-=-=-==-=-
start article_id:756920
end article_id:756920
-==-=-=-==-=-
start article_id:756921
end article_id:756921
-==-=-=-==-=-
start article_id:756922
end article_id:756922
-==-=-=-==-=-
start article_id:756923
end article_id:756923
-==-=-=-==-=-
start article_id:756924
end article_id:756924
-==-=-=-==-=-
start article_id:756925
end article_id:756925
-==-=-=-==-=-
start article_id:756926
end article_id:756926
-==-=-=-==-=-
start article_id:756927
end article_id:756927
-==-=-=-==-=-
start article_id:756928
end article_id:756928
-==-=-=-==-=-
start article_id:756929
end article_id:756929
-==-=-=-==-=-
start article_id:756930
end article_id:756930
-==-=-=-==-=-
start article_id:756931
end article_id:756931
-==-=-=-==-=-
start article_id:756932
end article_id:756932
-==-=-=-==-=-
start article_id:756933
end article_id:756933
-==-=-=-==-=-
start article_id:756934
end article_id:756934
-==-=-=-==-=-
start article_id:756935
end article_id:756935
-==-=-=-==-=-
start article_id:756936
end article_id:756936
-==-=-=-==-=-
start article_id:756937
end article_id:756937
-==-=-=-==-=-
start article_id:756938
end article_id:756938
-==-=-=-==-=-
start article_id:756939
end article_id:756939
-==-=-=-==-=-
start article_id:756940
end article_id:756940
-==-=-=-==-=-
start article_id:756941
end article_id:756941
-==-=-=-==-=-
start article_id:756942
end article_id:756942
-==-=-=-==-=-
start article_id:756943
end article_id:756943
-==-=-=-==-=-
start article_id:756944
end article_id:756944
-==-=-=-==-=-
start article_id:756945
end article_id:756945
-==-=-=-==-=-
start article_id:756946
end article_id:756946
-==-=-=-==-=-
start article_id:756947
end article_id:756947
-==-=-=-==-=-
start article_id:756948
end article_id:756948
-==-=-=-==-=-
start article_id:756949
end article_id:756949
-==-=-=-==-=-
start article_id:756950
end article_id:756950
-==-=-=-==-=-
start article_id:756951
end article_id:756951
-==-=-=-==-=-
start article_id:756952
end article_id:756952
-==-=-=-==-=-
start article_id:756953
end article_id:756953
-==-=-=-==-=-
start article_id:756954
end article_id:756954
-==-=-=-==-=-
start article_id:756955
end article_id:756955
-==-=-=-==-=-
start article_id:756956
end article_id:756956
-==-=-=-==-=-
start article_id:756957
end article_id:756957
-==-=-=-==-=-
start article_id:756958
end article_id:756958
-==-=-=-==-=-
start article_id:756959
end article_id:756959
-==-=-=-==-=-
start article_id:756960
end article_id:756960
-==-=-=-==-=-
start article_id:756961
end article_id:756961
-==-=-=-==-=-
start article_id:756962
end article_id:756962
-==-=-=-==-=-
start article_id:756963
end article_id:756963
-==-=-=-==-=-
start article_id:756964
end article_id:756964
-==-=-=-==-=-
start article_id:756965
end article_id:756965
-==-=-=-==-=-
start article_id:756966
end article_id:756966
-==-=-=-==-=-
start article_id:756967
end article_id:756967
-==-=-=-==-=-
start article_id:756968
end article_id:756968
-==-=-=-==-=-
start article_id:756969
end article_id:756969
-==-=-=-==-=-
start article_id:756970
end article_id:756970
-==-=-=-==-=-
start article_id:756971
end article_id:756971
-==-=-=-==-=-
start article_id:756972
end article_id:756972
-==-=-=-==-=-
start article_id:756973
end article_id:756973
-==-=-=-==-=-
start article_id:756974
end article_id:756974
-==-=-=-==-=-
start article_id:756975
end article_id:756975
-==-=-=-==-=-
start article_id:756976
end article_id:756976
-==-=-=-==-=-
start article_id:756977
end article_id:756977
-==-=-=-==-=-
start article_id:756978
end article_id:756978
-==-=-=-==-=-
start article_id:756979
end article_id:756979
-==-=-=-==-=-
start article_id:756980
end article_id:756980
-==-=-=-==-=-
start article_id:756981
end article_id:756981
-==-=-=-==-=-
start article_id:756982
end article_id:756982
-==-=-=-==-=-
start article_id:756983
end article_id:756983
-==-=-=-==-=-
start article_id:756984
end article_id:756984
-==-=-=-==-=-
start article_id:756985
end article_id:756985
-==-=-=-==-=-
start article_id:756986
end article_id:756986
-==-=-=-==-=-
start article_id:756987
end article_id:756987
-==-=-=-==-=-
start article_id:756988
end article_id:756988
-==-=-=-==-=-
start article_id:756989
end article_id:756989
-==-=-=-==-=-
start article_id:756990
end article_id:756990
-==-=-=-==-=-
start article_id:756991
end article_id:756991
-==-=-=-==-=-
start article_id:756992
end article_id:756992
-==-=-=-==-=-
start article_id:756993
end article_id:756993
-==-=-=-==-=-
start article_id:756994
end article_id:756994
-==-=-=-==-=-
start article_id:756995
end article_id:756995
-==-=-=-==-=-
start article_id:756996
end article_id:756996
-==-=-=-==-=-
start article_id:756997
end article_id:756997
-==-=-=-==-=-
start article_id:756999
end article_id:756999
-==-=-=-==-=-
start article_id:757000
end article_id:757000
-==-=-=-==-=-
start article_id:757001
end article_id:757001
-==-=-=-==-=-
start article_id:757002
end article_id:757002
-==-=-=-==-=-
start article_id:757003
end article_id:757003
-==-=-=-==-=-
start article_id:757004
end article_id:757004
-==-=-=-==-=-
start article_id:757005
end article_id:757005
-==-=-=-==-=-
start article_id:757006
end article_id:757006
-==-=-=-==-=-
start article_id:757007
end article_id:757007
-==-=-=-==-=-
start article_id:757008
end article_id:757008
-==-=-=-==-=-
start article_id:757009
end article_id:757009
-==-=-=-==-=-
start article_id:757010
end article_id:757010
-==-=-=-==-=-
start article_id:757011
end article_id:757011
-==-=-=-==-=-
start article_id:757012
end article_id:757012
-==-=-=-==-=-
start article_id:757013
end article_id:757013
-==-=-=-==-=-
start article_id:757014
end article_id:757014
-==-=-=-==-=-
start article_id:757015
end article_id:757015
-==-=-=-==-=-
start article_id:757016
end article_id:757016
-==-=-=-==-=-
start article_id:757017
end article_id:757017
-==-=-=-==-=-
start article_id:757018
end article_id:757018
-==-=-=-==-=-
start article_id:757019
end article_id:757019
-==-=-=-==-=-
start article_id:757020
end article_id:757020
-==-=-=-==-=-
start article_id:757021
end article_id:757021
-==-=-=-==-=-
start article_id:757022
end article_id:757022
-==-=-=-==-=-
start article_id:757024
end article_id:757024
-==-=-=-==-=-
start article_id:757025
end article_id:757025
-==-=-=-==-=-
start article_id:757026
end article_id:757026
-==-=-=-==-=-
start article_id:757028
end article_id:757028
-==-=-=-==-=-
start article_id:757029
end article_id:757029
-==-=-=-==-=-
start article_id:757030
end article_id:757030
-==-=-=-==-=-
start article_id:757031
end article_id:757031
-==-=-=-==-=-
start article_id:757032
end article_id:757032
-==-=-=-==-=-
start article_id:757033
end article_id:757033
-==-=-=-==-=-
start article_id:757034
end article_id:757034
-==-=-=-==-=-
start article_id:757035
end article_id:757035
-==-=-=-==-=-
start article_id:757036
end article_id:757036
-==-=-=-==-=-
start article_id:757037
end article_id:757037
-==-=-=-==-=-
start article_id:757038
end article_id:757038
-==-=-=-==-=-
start article_id:757039
end article_id:757039
-==-=-=-==-=-
start article_id:757040
end article_id:757040
-==-=-=-==-=-
start article_id:757041
end article_id:757041
-==-=-=-==-=-
start article_id:757042
end article_id:757042
-==-=-=-==-=-
start article_id:757043
end article_id:757043
-==-=-=-==-=-
start article_id:757044
end article_id:757044
-==-=-=-==-=-
start article_id:757045
end article_id:757045
-==-=-=-==-=-
start article_id:757046
end article_id:757046
-==-=-=-==-=-
start article_id:757047
end article_id:757047
-==-=-=-==-=-
start article_id:757048
end article_id:757048
-==-=-=-==-=-
start article_id:757049
end article_id:757049
-==-=-=-==-=-
start article_id:757050
end article_id:757050
-==-=-=-==-=-
start article_id:757051
end article_id:757051
-==-=-=-==-=-
start article_id:757052
end article_id:757052
-==-=-=-==-=-
start article_id:757053
end article_id:757053
-==-=-=-==-=-
start article_id:757054
end article_id:757054
-==-=-=-==-=-
start article_id:757055
end article_id:757055
-==-=-=-==-=-
start article_id:757056
end article_id:757056
-==-=-=-==-=-
start article_id:757057
end article_id:757057
-==-=-=-==-=-
start article_id:757058
end article_id:757058
-==-=-=-==-=-
start article_id:757059
end article_id:757059
-==-=-=-==-=-
start article_id:757060
end article_id:757060
-==-=-=-==-=-
start article_id:757061
end article_id:757061
-==-=-=-==-=-
start article_id:757062
end article_id:757062
-==-=-=-==-=-
start article_id:757063
end article_id:757063
-==-=-=-==-=-
start article_id:757064
end article_id:757064
-==-=-=-==-=-
start article_id:757065
end article_id:757065
-==-=-=-==-=-
start article_id:757066
end article_id:757066
-==-=-=-==-=-
start article_id:757067
end article_id:757067
-==-=-=-==-=-
start article_id:757068
end article_id:757068
-==-=-=-==-=-
start article_id:757069
end article_id:757069
-==-=-=-==-=-
start article_id:757070
end article_id:757070
-==-=-=-==-=-
start article_id:757071
end article_id:757071
-==-=-=-==-=-
start article_id:757072
end article_id:757072
-==-=-=-==-=-
start article_id:757073
end article_id:757073
-==-=-=-==-=-
start article_id:757074
end article_id:757074
-==-=-=-==-=-
start article_id:757075
end article_id:757075
-==-=-=-==-=-
start article_id:757076
end article_id:757076
-==-=-=-==-=-
start article_id:757077
end article_id:757077
-==-=-=-==-=-
start article_id:757078
end article_id:757078
-==-=-=-==-=-
start article_id:757079
end article_id:757079
-==-=-=-==-=-
start article_id:757080
end article_id:757080
-==-=-=-==-=-
start article_id:757081
end article_id:757081
-==-=-=-==-=-
start article_id:757082
end article_id:757082
-==-=-=-==-=-
start article_id:757083
end article_id:757083
-==-=-=-==-=-
start article_id:757084
end article_id:757084
-==-=-=-==-=-
start article_id:757085
end article_id:757085
-==-=-=-==-=-
start article_id:757086
end article_id:757086
-==-=-=-==-=-
start article_id:757087
end article_id:757087
-==-=-=-==-=-
start article_id:757088
end article_id:757088
-==-=-=-==-=-
start article_id:757089
end article_id:757089
-==-=-=-==-=-
start article_id:757090
end article_id:757090
-==-=-=-==-=-
start article_id:757091
end article_id:757091
-==-=-=-==-=-
start article_id:757092
end article_id:757092
-==-=-=-==-=-
start article_id:757093
end article_id:757093
-==-=-=-==-=-
start article_id:757094
end article_id:757094
-==-=-=-==-=-
start article_id:757095
end article_id:757095
-==-=-=-==-=-
start article_id:757096
end article_id:757096
-==-=-=-==-=-
start article_id:757097
end article_id:757097
-==-=-=-==-=-
start article_id:757098
end article_id:757098
-==-=-=-==-=-
start article_id:757099
end article_id:757099
-==-=-=-==-=-
start article_id:757100
end article_id:757100
-==-=-=-==-=-
start article_id:757101
end article_id:757101
-==-=-=-==-=-
start article_id:757102
end article_id:757102
-==-=-=-==-=-
start article_id:757103
end article_id:757103
-==-=-=-==-=-
start article_id:757104
end article_id:757104
-==-=-=-==-=-
start article_id:757105
end article_id:757105
-==-=-=-==-=-
start article_id:757106
end article_id:757106
-==-=-=-==-=-
start article_id:757107
end article_id:757107
-==-=-=-==-=-
start article_id:757108
end article_id:757108
-==-=-=-==-=-
start article_id:757109
end article_id:757109
-==-=-=-==-=-
start article_id:757110
end article_id:757110
-==-=-=-==-=-
start article_id:757111
end article_id:757111
-==-=-=-==-=-
start article_id:757112
end article_id:757112
-==-=-=-==-=-
start article_id:757115
end article_id:757115
-==-=-=-==-=-
start article_id:757116
end article_id:757116
-==-=-=-==-=-
start article_id:757117
end article_id:757117
-==-=-=-==-=-
start article_id:757119
end article_id:757119
-==-=-=-==-=-
start article_id:757120
end article_id:757120
-==-=-=-==-=-
start article_id:757121
end article_id:757121
-==-=-=-==-=-
start article_id:757122
end article_id:757122
-==-=-=-==-=-
start article_id:757123
end article_id:757123
-==-=-=-==-=-
start article_id:757124
end article_id:757124
-==-=-=-==-=-
start article_id:757125
end article_id:757125
-==-=-=-==-=-
start article_id:757126
end article_id:757126
-==-=-=-==-=-
start article_id:757127
end article_id:757127
-==-=-=-==-=-
start article_id:757128
end article_id:757128
-==-=-=-==-=-
start article_id:757129
end article_id:757129
-==-=-=-==-=-
start article_id:757130
end article_id:757130
-==-=-=-==-=-
start article_id:757131
end article_id:757131
-==-=-=-==-=-
start article_id:757132
end article_id:757132
-==-=-=-==-=-
start article_id:757133
end article_id:757133
-==-=-=-==-=-
start article_id:757134
end article_id:757134
-==-=-=-==-=-
start article_id:757135
end article_id:757135
-==-=-=-==-=-
start article_id:757136
end article_id:757136
-==-=-=-==-=-
start article_id:757137
end article_id:757137
-==-=-=-==-=-
start article_id:757138
end article_id:757138
-==-=-=-==-=-
start article_id:757139
end article_id:757139
-==-=-=-==-=-
start article_id:757140
end article_id:757140
-==-=-=-==-=-
start article_id:757141
end article_id:757141
-==-=-=-==-=-
start article_id:757142
end article_id:757142
-==-=-=-==-=-
start article_id:757143
end article_id:757143
-==-=-=-==-=-
start article_id:757144
end article_id:757144
-==-=-=-==-=-
start article_id:757145
end article_id:757145
-==-=-=-==-=-
start article_id:757146
end article_id:757146
-==-=-=-==-=-
start article_id:757147
end article_id:757147
-==-=-=-==-=-
start article_id:757148
end article_id:757148
-==-=-=-==-=-
start article_id:757149
end article_id:757149
-==-=-=-==-=-
start article_id:757150
end article_id:757150
-==-=-=-==-=-
start article_id:757151
end article_id:757151
-==-=-=-==-=-
start article_id:757152
end article_id:757152
-==-=-=-==-=-
start article_id:757153
end article_id:757153
-==-=-=-==-=-
start article_id:757154
end article_id:757154
-==-=-=-==-=-
start article_id:757155
end article_id:757155
-==-=-=-==-=-
start article_id:757156
end article_id:757156
-==-=-=-==-=-
start article_id:757157
end article_id:757157
-==-=-=-==-=-
start article_id:757158
end article_id:757158
-==-=-=-==-=-
start article_id:757159
end article_id:757159
-==-=-=-==-=-
start article_id:757160
end article_id:757160
-==-=-=-==-=-
start article_id:757161
end article_id:757161
-==-=-=-==-=-
start article_id:757162
end article_id:757162
-==-=-=-==-=-
start article_id:757163
end article_id:757163
-==-=-=-==-=-
start article_id:757164
end article_id:757164
-==-=-=-==-=-
start article_id:757165
end article_id:757165
-==-=-=-==-=-
start article_id:757166
end article_id:757166
-==-=-=-==-=-
start article_id:757167
end article_id:757167
-==-=-=-==-=-
start article_id:757168
end article_id:757168
-==-=-=-==-=-
start article_id:757169
end article_id:757169
-==-=-=-==-=-
start article_id:757170
end article_id:757170
-==-=-=-==-=-
start article_id:757171
end article_id:757171
-==-=-=-==-=-
start article_id:757172
end article_id:757172
-==-=-=-==-=-
start article_id:757173
end article_id:757173
-==-=-=-==-=-
start article_id:757174
end article_id:757174
-==-=-=-==-=-
start article_id:757175
end article_id:757175
-==-=-=-==-=-
start article_id:757176
end article_id:757176
-==-=-=-==-=-
start article_id:757177
end article_id:757177
-==-=-=-==-=-
start article_id:757178
end article_id:757178
-==-=-=-==-=-
start article_id:757179
end article_id:757179
-==-=-=-==-=-
start article_id:757181
end article_id:757181
-==-=-=-==-=-
start article_id:757182
end article_id:757182
-==-=-=-==-=-
start article_id:757183
end article_id:757183
-==-=-=-==-=-
start article_id:757184
end article_id:757184
-==-=-=-==-=-
start article_id:757185
end article_id:757185
-==-=-=-==-=-
start article_id:757186
end article_id:757186
-==-=-=-==-=-
start article_id:757187
end article_id:757187
-==-=-=-==-=-
start article_id:757188
end article_id:757188
-==-=-=-==-=-
start article_id:757189
end article_id:757189
-==-=-=-==-=-
start article_id:757190
end article_id:757190
-==-=-=-==-=-
start article_id:757191
end article_id:757191
-==-=-=-==-=-
start article_id:757192
end article_id:757192
-==-=-=-==-=-
start article_id:757193
end article_id:757193
-==-=-=-==-=-
start article_id:757194
end article_id:757194
-==-=-=-==-=-
start article_id:757196
end article_id:757196
-==-=-=-==-=-
start article_id:757198
end article_id:757198
-==-=-=-==-=-
start article_id:757199
end article_id:757199
-==-=-=-==-=-
start article_id:757200
end article_id:757200
-==-=-=-==-=-
start article_id:757201
end article_id:757201
-==-=-=-==-=-
start article_id:757202
end article_id:757202
-==-=-=-==-=-
start article_id:757203
end article_id:757203
-==-=-=-==-=-
start article_id:757204
end article_id:757204
-==-=-=-==-=-
start article_id:757205
end article_id:757205
-==-=-=-==-=-
start article_id:757206
end article_id:757206
-==-=-=-==-=-
start article_id:757207
end article_id:757207
-==-=-=-==-=-
start article_id:757208
end article_id:757208
-==-=-=-==-=-
start article_id:757209
end article_id:757209
-==-=-=-==-=-
start article_id:757210
end article_id:757210
-==-=-=-==-=-
start article_id:757211
end article_id:757211
-==-=-=-==-=-
start article_id:757212
end article_id:757212
-==-=-=-==-=-
start article_id:757213
end article_id:757213
-==-=-=-==-=-
start article_id:757214
end article_id:757214
-==-=-=-==-=-
start article_id:757215
end article_id:757215
-==-=-=-==-=-
start article_id:757216
end article_id:757216
-==-=-=-==-=-
start article_id:757217
end article_id:757217
-==-=-=-==-=-
start article_id:757218
end article_id:757218
-==-=-=-==-=-
start article_id:757219
end article_id:757219
-==-=-=-==-=-
start article_id:757220
end article_id:757220
-==-=-=-==-=-
start article_id:757221
end article_id:757221
-==-=-=-==-=-
start article_id:757222
end article_id:757222
-==-=-=-==-=-
start article_id:757223
end article_id:757223
-==-=-=-==-=-
start article_id:757224
end article_id:757224
-==-=-=-==-=-
start article_id:757225
end article_id:757225
-==-=-=-==-=-
start article_id:757226
end article_id:757226
-==-=-=-==-=-
start article_id:757227
end article_id:757227
-==-=-=-==-=-
start article_id:757228
end article_id:757228
-==-=-=-==-=-
start article_id:757229
end article_id:757229
-==-=-=-==-=-
start article_id:757230
end article_id:757230
-==-=-=-==-=-
start article_id:757231
end article_id:757231
-==-=-=-==-=-
start article_id:757232
end article_id:757232
-==-=-=-==-=-
start article_id:757233
end article_id:757233
-==-=-=-==-=-
start article_id:757234
end article_id:757234
-==-=-=-==-=-
start article_id:757235
end article_id:757235
-==-=-=-==-=-
start article_id:757236
end article_id:757236
-==-=-=-==-=-
start article_id:757237
end article_id:757237
-==-=-=-==-=-
start article_id:757238
end article_id:757238
-==-=-=-==-=-
start article_id:757239
end article_id:757239
-==-=-=-==-=-
start article_id:757240
end article_id:757240
-==-=-=-==-=-
start article_id:757241
end article_id:757241
-==-=-=-==-=-
start article_id:757242
end article_id:757242
-==-=-=-==-=-
start article_id:757243
end article_id:757243
-==-=-=-==-=-
start article_id:757244
end article_id:757244
-==-=-=-==-=-
start article_id:757245
end article_id:757245
-==-=-=-==-=-
start article_id:757246
end article_id:757246
-==-=-=-==-=-
start article_id:757247
end article_id:757247
-==-=-=-==-=-
start article_id:757248
end article_id:757248
-==-=-=-==-=-
start article_id:757249
end article_id:757249
-==-=-=-==-=-
start article_id:757250
end article_id:757250
-==-=-=-==-=-
start article_id:757251
end article_id:757251
-==-=-=-==-=-
start article_id:757252
end article_id:757252
-==-=-=-==-=-
start article_id:757253
end article_id:757253
-==-=-=-==-=-
start article_id:757254
end article_id:757254
-==-=-=-==-=-
start article_id:757255
end article_id:757255
-==-=-=-==-=-
start article_id:757256
end article_id:757256
-==-=-=-==-=-
start article_id:757257
end article_id:757257
-==-=-=-==-=-
start article_id:757258
end article_id:757258
-==-=-=-==-=-
start article_id:757259
end article_id:757259
-==-=-=-==-=-
start article_id:757260
end article_id:757260
-==-=-=-==-=-
start article_id:757261
end article_id:757261
-==-=-=-==-=-
start article_id:757262
end article_id:757262
-==-=-=-==-=-
start article_id:757263
end article_id:757263
-==-=-=-==-=-
start article_id:757264
end article_id:757264
-==-=-=-==-=-
start article_id:757265
end article_id:757265
-==-=-=-==-=-
start article_id:757266
end article_id:757266
-==-=-=-==-=-
start article_id:757267
end article_id:757267
-==-=-=-==-=-
start article_id:757268
end article_id:757268
-==-=-=-==-=-
start article_id:757269
end article_id:757269
-==-=-=-==-=-
start article_id:757270
end article_id:757270
-==-=-=-==-=-
start article_id:757271
end article_id:757271
-==-=-=-==-=-
start article_id:757272
end article_id:757272
-==-=-=-==-=-
start article_id:757273
end article_id:757273
-==-=-=-==-=-
start article_id:757274
end article_id:757274
-==-=-=-==-=-
start article_id:757275
end article_id:757275
-==-=-=-==-=-
start article_id:757276
end article_id:757276
-==-=-=-==-=-
start article_id:757277
end article_id:757277
-==-=-=-==-=-
start article_id:757278
end article_id:757278
-==-=-=-==-=-
start article_id:757279
end article_id:757279
-==-=-=-==-=-
start article_id:757280
end article_id:757280
-==-=-=-==-=-
start article_id:757281
end article_id:757281
-==-=-=-==-=-
start article_id:757282
end article_id:757282
-==-=-=-==-=-
start article_id:757283
end article_id:757283
-==-=-=-==-=-
start article_id:757284
end article_id:757284
-==-=-=-==-=-
start article_id:757285
end article_id:757285
-==-=-=-==-=-
start article_id:757286
end article_id:757286
-==-=-=-==-=-
start article_id:757287
end article_id:757287
-==-=-=-==-=-
start article_id:757288
end article_id:757288
-==-=-=-==-=-
start article_id:757289
end article_id:757289
-==-=-=-==-=-
start article_id:757290
end article_id:757290
-==-=-=-==-=-
start article_id:757291
end article_id:757291
-==-=-=-==-=-
start article_id:757292
end article_id:757292
-==-=-=-==-=-
start article_id:757293
end article_id:757293
-==-=-=-==-=-
start article_id:757294
end article_id:757294
-==-=-=-==-=-
start article_id:757295
end article_id:757295
-==-=-=-==-=-
start article_id:757296
end article_id:757296
-==-=-=-==-=-
start article_id:757297
end article_id:757297
-==-=-=-==-=-
start article_id:757298
end article_id:757298
-==-=-=-==-=-
start article_id:757299
end article_id:757299
-==-=-=-==-=-
start article_id:757300
end article_id:757300
-==-=-=-==-=-
start article_id:757301
end article_id:757301
-==-=-=-==-=-
start article_id:757302
end article_id:757302
-==-=-=-==-=-
start article_id:757303
end article_id:757303
-==-=-=-==-=-
start article_id:757304
end article_id:757304
-==-=-=-==-=-
start article_id:757305
end article_id:757305
-==-=-=-==-=-
start article_id:757306
end article_id:757306
-==-=-=-==-=-
start article_id:757307
end article_id:757307
-==-=-=-==-=-
start article_id:757308
end article_id:757308
-==-=-=-==-=-
start article_id:757309
end article_id:757309
-==-=-=-==-=-
start article_id:757310
end article_id:757310
-==-=-=-==-=-
start article_id:757311
end article_id:757311
-==-=-=-==-=-
start article_id:757312
end article_id:757312
-==-=-=-==-=-
start article_id:757313
end article_id:757313
-==-=-=-==-=-
start article_id:757314
end article_id:757314
-==-=-=-==-=-
start article_id:757315
end article_id:757315
-==-=-=-==-=-
start article_id:757316
end article_id:757316
-==-=-=-==-=-
start article_id:757317
end article_id:757317
-==-=-=-==-=-
start article_id:757318
end article_id:757318
-==-=-=-==-=-
start article_id:757320
end article_id:757320
-==-=-=-==-=-
start article_id:757321
end article_id:757321
-==-=-=-==-=-
start article_id:757322
end article_id:757322
-==-=-=-==-=-
start article_id:757323
end article_id:757323
-==-=-=-==-=-
start article_id:757324
end article_id:757324
-==-=-=-==-=-
start article_id:757325
end article_id:757325
-==-=-=-==-=-
start article_id:757326
end article_id:757326
-==-=-=-==-=-
start article_id:757327
end article_id:757327
-==-=-=-==-=-
start article_id:757328
end article_id:757328
-==-=-=-==-=-
start article_id:757329
end article_id:757329
-==-=-=-==-=-
start article_id:757330
end article_id:757330
-==-=-=-==-=-
start article_id:757331
end article_id:757331
-==-=-=-==-=-
start article_id:757332
end article_id:757332
-==-=-=-==-=-
start article_id:757333
end article_id:757333
-==-=-=-==-=-
start article_id:757334
end article_id:757334
-==-=-=-==-=-
start article_id:757335
end article_id:757335
-==-=-=-==-=-
start article_id:757336
end article_id:757336
-==-=-=-==-=-
start article_id:757337
end article_id:757337
-==-=-=-==-=-
start article_id:757338
end article_id:757338
-==-=-=-==-=-
start article_id:757339
end article_id:757339
-==-=-=-==-=-
start article_id:757340
end article_id:757340
-==-=-=-==-=-
start article_id:757341
end article_id:757341
-==-=-=-==-=-
start article_id:757342
end article_id:757342
-==-=-=-==-=-
start article_id:757343
end article_id:757343
-==-=-=-==-=-
start article_id:757344
end article_id:757344
-==-=-=-==-=-
start article_id:757345
end article_id:757345
-==-=-=-==-=-
start article_id:757346
end article_id:757346
-==-=-=-==-=-
start article_id:757347
end article_id:757347
-==-=-=-==-=-
start article_id:757348
end article_id:757348
-==-=-=-==-=-
start article_id:757349
end article_id:757349
-==-=-=-==-=-
start article_id:757350
end article_id:757350
-==-=-=-==-=-
start article_id:757351
end article_id:757351
-==-=-=-==-=-
start article_id:757352
end article_id:757352
-==-=-=-==-=-
start article_id:757354
end article_id:757354
-==-=-=-==-=-
start article_id:757355
end article_id:757355
-==-=-=-==-=-
start article_id:757356
end article_id:757356
-==-=-=-==-=-
start article_id:757357
end article_id:757357
-==-=-=-==-=-
start article_id:757358
end article_id:757358
-==-=-=-==-=-
start article_id:757359
end article_id:757359
-==-=-=-==-=-
start article_id:757360
end article_id:757360
-==-=-=-==-=-
start article_id:757361
end article_id:757361
-==-=-=-==-=-
start article_id:757362
end article_id:757362
-==-=-=-==-=-
start article_id:757363
end article_id:757363
-==-=-=-==-=-
start article_id:757364
end article_id:757364
-==-=-=-==-=-
start article_id:757365
end article_id:757365
-==-=-=-==-=-
start article_id:757366
end article_id:757366
-==-=-=-==-=-
start article_id:757367
end article_id:757367
-==-=-=-==-=-
start article_id:757368
end article_id:757368
-==-=-=-==-=-
start article_id:757369
end article_id:757369
-==-=-=-==-=-
start article_id:757370
end article_id:757370
-==-=-=-==-=-
start article_id:757371
end article_id:757371
-==-=-=-==-=-
start article_id:757372
end article_id:757372
-==-=-=-==-=-
start article_id:757373
end article_id:757373
-==-=-=-==-=-
start article_id:757374
end article_id:757374
-==-=-=-==-=-
start article_id:757375
end article_id:757375
-==-=-=-==-=-
start article_id:757376
end article_id:757376
-==-=-=-==-=-
start article_id:757377
end article_id:757377
-==-=-=-==-=-
start article_id:757378
end article_id:757378
-==-=-=-==-=-
start article_id:757379
end article_id:757379
-==-=-=-==-=-
start article_id:757380
end article_id:757380
-==-=-=-==-=-
start article_id:757381
end article_id:757381
-==-=-=-==-=-
start article_id:757382
end article_id:757382
-==-=-=-==-=-
start article_id:757383
end article_id:757383
-==-=-=-==-=-
start article_id:757384
end article_id:757384
-==-=-=-==-=-
start article_id:757385
end article_id:757385
-==-=-=-==-=-
start article_id:757386
end article_id:757386
-==-=-=-==-=-
start article_id:757388
end article_id:757388
-==-=-=-==-=-
start article_id:757389
end article_id:757389
-==-=-=-==-=-
start article_id:757390
end article_id:757390
-==-=-=-==-=-
start article_id:757391
end article_id:757391
-==-=-=-==-=-
start article_id:757393
end article_id:757393
-==-=-=-==-=-
start article_id:757394
end article_id:757394
-==-=-=-==-=-
start article_id:757395
end article_id:757395
-==-=-=-==-=-
start article_id:757396
end article_id:757396
-==-=-=-==-=-
start article_id:757397
end article_id:757397
-==-=-=-==-=-
start article_id:757398
end article_id:757398
-==-=-=-==-=-
start article_id:757399
end article_id:757399
-==-=-=-==-=-
start article_id:757400
end article_id:757400
-==-=-=-==-=-
start article_id:757401
end article_id:757401
-==-=-=-==-=-
start article_id:757402
end article_id:757402
-==-=-=-==-=-
start article_id:757403
end article_id:757403
-==-=-=-==-=-
start article_id:757404
end article_id:757404
-==-=-=-==-=-
start article_id:757405
end article_id:757405
-==-=-=-==-=-
start article_id:757406
end article_id:757406
-==-=-=-==-=-
start article_id:757407
end article_id:757407
-==-=-=-==-=-
start article_id:757408
end article_id:757408
-==-=-=-==-=-
start article_id:757409
end article_id:757409
-==-=-=-==-=-
start article_id:757410
end article_id:757410
-==-=-=-==-=-
start article_id:757411
end article_id:757411
-==-=-=-==-=-
start article_id:757412
end article_id:757412
-==-=-=-==-=-
start article_id:757413
end article_id:757413
-==-=-=-==-=-
start article_id:757414
end article_id:757414
-==-=-=-==-=-
start article_id:757415
end article_id:757415
-==-=-=-==-=-
start article_id:757416
end article_id:757416
-==-=-=-==-=-
start article_id:757417
end article_id:757417
-==-=-=-==-=-
start article_id:757418
end article_id:757418
-==-=-=-==-=-
start article_id:757419
end article_id:757419
-==-=-=-==-=-
start article_id:757420
end article_id:757420
-==-=-=-==-=-
start article_id:757421
end article_id:757421
-==-=-=-==-=-
start article_id:757422
end article_id:757422
-==-=-=-==-=-
start article_id:757423
end article_id:757423
-==-=-=-==-=-
start article_id:757424
end article_id:757424
-==-=-=-==-=-
start article_id:757425
end article_id:757425
-==-=-=-==-=-
start article_id:757426
end article_id:757426
-==-=-=-==-=-
start article_id:757427
end article_id:757427
-==-=-=-==-=-
start article_id:757428
end article_id:757428
-==-=-=-==-=-
start article_id:757429
end article_id:757429
-==-=-=-==-=-
start article_id:757430
end article_id:757430
-==-=-=-==-=-
start article_id:757431
end article_id:757431
-==-=-=-==-=-
start article_id:757432
end article_id:757432
-==-=-=-==-=-
start article_id:757433
end article_id:757433
-==-=-=-==-=-
start article_id:757434
end article_id:757434
-==-=-=-==-=-
start article_id:757435
end article_id:757435
-==-=-=-==-=-
start article_id:757436
end article_id:757436
-==-=-=-==-=-
start article_id:757437
end article_id:757437
-==-=-=-==-=-
start article_id:757438
end article_id:757438
-==-=-=-==-=-
start article_id:757439
end article_id:757439
-==-=-=-==-=-
start article_id:757440
end article_id:757440
-==-=-=-==-=-
start article_id:757441
end article_id:757441
-==-=-=-==-=-
start article_id:757442
end article_id:757442
-==-=-=-==-=-
start article_id:757443
end article_id:757443
-==-=-=-==-=-
start article_id:757444
end article_id:757444
-==-=-=-==-=-
start article_id:757445
end article_id:757445
-==-=-=-==-=-
start article_id:757446
end article_id:757446
-==-=-=-==-=-
start article_id:757447
end article_id:757447
-==-=-=-==-=-
start article_id:757448
end article_id:757448
-==-=-=-==-=-
start article_id:757449
end article_id:757449
-==-=-=-==-=-
start article_id:757450
end article_id:757450
-==-=-=-==-=-
start article_id:757451
end article_id:757451
-==-=-=-==-=-
start article_id:757452
end article_id:757452
-==-=-=-==-=-
start article_id:757453
end article_id:757453
-==-=-=-==-=-
start article_id:757454
end article_id:757454
-==-=-=-==-=-
start article_id:757455
end article_id:757455
-==-=-=-==-=-
start article_id:757456
end article_id:757456
-==-=-=-==-=-
start article_id:757457
end article_id:757457
-==-=-=-==-=-
start article_id:757458
end article_id:757458
-==-=-=-==-=-
start article_id:757459
end article_id:757459
-==-=-=-==-=-
start article_id:757460
end article_id:757460
-==-=-=-==-=-
start article_id:757461
end article_id:757461
-==-=-=-==-=-
start article_id:757462
end article_id:757462
-==-=-=-==-=-
start article_id:757463
end article_id:757463
-==-=-=-==-=-
start article_id:757464
end article_id:757464
-==-=-=-==-=-
start article_id:757465
end article_id:757465
-==-=-=-==-=-
start article_id:757466
end article_id:757466
-==-=-=-==-=-
start article_id:757467
end article_id:757467
-==-=-=-==-=-
start article_id:757468
end article_id:757468
-==-=-=-==-=-
start article_id:757469
end article_id:757469
-==-=-=-==-=-
start article_id:757470
end article_id:757470
-==-=-=-==-=-
start article_id:757471
end article_id:757471
-==-=-=-==-=-
start article_id:757472
end article_id:757472
-==-=-=-==-=-
start article_id:757473
end article_id:757473
-==-=-=-==-=-
start article_id:757474
end article_id:757474
-==-=-=-==-=-
start article_id:757475
end article_id:757475
-==-=-=-==-=-
start article_id:757476
end article_id:757476
-==-=-=-==-=-
start article_id:757477
end article_id:757477
-==-=-=-==-=-
start article_id:757478
end article_id:757478
-==-=-=-==-=-
start article_id:757479
end article_id:757479
-==-=-=-==-=-
start article_id:757480
end article_id:757480
-==-=-=-==-=-
start article_id:757481
end article_id:757481
-==-=-=-==-=-
start article_id:757482
end article_id:757482
-==-=-=-==-=-
start article_id:757483
end article_id:757483
-==-=-=-==-=-
start article_id:757484
end article_id:757484
-==-=-=-==-=-
start article_id:757485
end article_id:757485
-==-=-=-==-=-
start article_id:757486
end article_id:757486
-==-=-=-==-=-
start article_id:757487
end article_id:757487
-==-=-=-==-=-
start article_id:757488
end article_id:757488
-==-=-=-==-=-
start article_id:757489
end article_id:757489
-==-=-=-==-=-
start article_id:757490
end article_id:757490
-==-=-=-==-=-
start article_id:757491
end article_id:757491
-==-=-=-==-=-
start article_id:757492
end article_id:757492
-==-=-=-==-=-
start article_id:757493
end article_id:757493
-==-=-=-==-=-
start article_id:757494
end article_id:757494
-==-=-=-==-=-
start article_id:757495
end article_id:757495
-==-=-=-==-=-
start article_id:757496
end article_id:757496
-==-=-=-==-=-
start article_id:757497
end article_id:757497
-==-=-=-==-=-
start article_id:757498
end article_id:757498
-==-=-=-==-=-
start article_id:757499
end article_id:757499
-==-=-=-==-=-
start article_id:757500
end article_id:757500
-==-=-=-==-=-
start article_id:757501
end article_id:757501
-==-=-=-==-=-
start article_id:757502
end article_id:757502
-==-=-=-==-=-
start article_id:757503
end article_id:757503
-==-=-=-==-=-
start article_id:757504
end article_id:757504
-==-=-=-==-=-
start article_id:757505
end article_id:757505
-==-=-=-==-=-
start article_id:757506
end article_id:757506
-==-=-=-==-=-
start article_id:757507
end article_id:757507
-==-=-=-==-=-
start article_id:757508
end article_id:757508
-==-=-=-==-=-
start article_id:757509
end article_id:757509
-==-=-=-==-=-
start article_id:757510
end article_id:757510
-==-=-=-==-=-
start article_id:757511
end article_id:757511
-==-=-=-==-=-
start article_id:757512
end article_id:757512
-==-=-=-==-=-
start article_id:757513
end article_id:757513
-==-=-=-==-=-
start article_id:757514
end article_id:757514
-==-=-=-==-=-
start article_id:757515
end article_id:757515
-==-=-=-==-=-
start article_id:757516
end article_id:757516
-==-=-=-==-=-
start article_id:757517
end article_id:757517
-==-=-=-==-=-
start article_id:757518
end article_id:757518
-==-=-=-==-=-
start article_id:757519
end article_id:757519
-==-=-=-==-=-
start article_id:757520
end article_id:757520
-==-=-=-==-=-
start article_id:757521
end article_id:757521
-==-=-=-==-=-
start article_id:757522
end article_id:757522
-==-=-=-==-=-
start article_id:757523
end article_id:757523
-==-=-=-==-=-
start article_id:757524
end article_id:757524
-==-=-=-==-=-
start article_id:757525
end article_id:757525
-==-=-=-==-=-
start article_id:757526
end article_id:757526
-==-=-=-==-=-
start article_id:757527
end article_id:757527
-==-=-=-==-=-
start article_id:757528
end article_id:757528
-==-=-=-==-=-
start article_id:757529
end article_id:757529
-==-=-=-==-=-
start article_id:757530
end article_id:757530
-==-=-=-==-=-
start article_id:757531
end article_id:757531
-==-=-=-==-=-
start article_id:757533
end article_id:757533
-==-=-=-==-=-
start article_id:757534
end article_id:757534
-==-=-=-==-=-
start article_id:757535
end article_id:757535
-==-=-=-==-=-
start article_id:757536
end article_id:757536
-==-=-=-==-=-
start article_id:757537
end article_id:757537
-==-=-=-==-=-
start article_id:757538
end article_id:757538
-==-=-=-==-=-
start article_id:757539
end article_id:757539
-==-=-=-==-=-
start article_id:757540
end article_id:757540
-==-=-=-==-=-
start article_id:757541
end article_id:757541
-==-=-=-==-=-
start article_id:757542
end article_id:757542
-==-=-=-==-=-
start article_id:757543
end article_id:757543
-==-=-=-==-=-
start article_id:757544
end article_id:757544
-==-=-=-==-=-
start article_id:757545
end article_id:757545
-==-=-=-==-=-
start article_id:757546
end article_id:757546
-==-=-=-==-=-
start article_id:757547
end article_id:757547
-==-=-=-==-=-
start article_id:757548
end article_id:757548
-==-=-=-==-=-
start article_id:757549
end article_id:757549
-==-=-=-==-=-
start article_id:757550
end article_id:757550
-==-=-=-==-=-
start article_id:757551
end article_id:757551
-==-=-=-==-=-
start article_id:757552
end article_id:757552
-==-=-=-==-=-
start article_id:757553
end article_id:757553
-==-=-=-==-=-
start article_id:757555
end article_id:757555
-==-=-=-==-=-
start article_id:757556
end article_id:757556
-==-=-=-==-=-
start article_id:757558
end article_id:757558
-==-=-=-==-=-
start article_id:757560
end article_id:757560
-==-=-=-==-=-
start article_id:757561
end article_id:757561
-==-=-=-==-=-
start article_id:757563
end article_id:757563
-==-=-=-==-=-
start article_id:757564
end article_id:757564
-==-=-=-==-=-
start article_id:757565
end article_id:757565
-==-=-=-==-=-
start article_id:757566
end article_id:757566
-==-=-=-==-=-
start article_id:757567
end article_id:757567
-==-=-=-==-=-
start article_id:757568
end article_id:757568
-==-=-=-==-=-
start article_id:757570
end article_id:757570
-==-=-=-==-=-
start article_id:757571
end article_id:757571
-==-=-=-==-=-
start article_id:757572
end article_id:757572
-==-=-=-==-=-
start article_id:757573
end article_id:757573
-==-=-=-==-=-
start article_id:757574
end article_id:757574
-==-=-=-==-=-
start article_id:757575
end article_id:757575
-==-=-=-==-=-
start article_id:757576
end article_id:757576
-==-=-=-==-=-
start article_id:757577
end article_id:757577
-==-=-=-==-=-
start article_id:757578
end article_id:757578
-==-=-=-==-=-
start article_id:757579
end article_id:757579
-==-=-=-==-=-
start article_id:757580
end article_id:757580
-==-=-=-==-=-
start article_id:757581
end article_id:757581
-==-=-=-==-=-
start article_id:757588
end article_id:757588
-==-=-=-==-=-
start article_id:757591
end article_id:757591
-==-=-=-==-=-
start article_id:757592
end article_id:757592
-==-=-=-==-=-
start article_id:757594
end article_id:757594
-==-=-=-==-=-
start article_id:757597
end article_id:757597
-==-=-=-==-=-
start article_id:757598
end article_id:757598
-==-=-=-==-=-
start article_id:757599
end article_id:757599
-==-=-=-==-=-
start article_id:757601
end article_id:757601
-==-=-=-==-=-
start article_id:757602
end article_id:757602
-==-=-=-==-=-
start article_id:757604
end article_id:757604
-==-=-=-==-=-
start article_id:757605
end article_id:757605
-==-=-=-==-=-
start article_id:757606
end article_id:757606
-==-=-=-==-=-
start article_id:757614
end article_id:757614
-==-=-=-==-=-
start article_id:757617
end article_id:757617
-==-=-=-==-=-
start article_id:757618
end article_id:757618
-==-=-=-==-=-
start article_id:757620
end article_id:757620
-==-=-=-==-=-
start article_id:757621
end article_id:757621
-==-=-=-==-=-
start article_id:757622
end article_id:757622
-==-=-=-==-=-
start article_id:757623
end article_id:757623
-==-=-=-==-=-
start article_id:757624
end article_id:757624
-==-=-=-==-=-
start article_id:757625
end article_id:757625
-==-=-=-==-=-
start article_id:757626
end article_id:757626
-==-=-=-==-=-
start article_id:757635
end article_id:757635
-==-=-=-==-=-
start article_id:757644
end article_id:757644
-==-=-=-==-=-
start article_id:757679
end article_id:757679
-==-=-=-==-=-
start article_id:757751
end article_id:757751
-==-=-=-==-=-
start article_id:757752
end article_id:757752
-==-=-=-==-=-
